>> WARNING in current_set:
>> could not access rc file, /u/devobj/.sandboxrc, for reading.
relative path: ./file/dfam
mkdir /project/dce/build/dce/obj/rios/file/dfam
cd /project/dce/build/dce/obj/rios/file/dfam
exec make MAKEFILE_PASS=FIRSTA  _SUBMAKE_=_IS_SUBMAKE_  build_all
exec make MAKEFILE_PASS=FIRSTB  _SUBMAKE_=_IS_SUBMAKE_  build_all
exec make MAKEFILE_PASS=BASIC  _SUBMAKE_=_IS_SUBMAKE_  build_all
[ /file/dfam/agent ]
makepath agent/. && cd agent &&  exec make MAKEFILE_PASS=BASIC     build_all
agent: created directory
[ /file/dfam/agent/RIOS ]
makepath RIOS/. && cd RIOS &&  exec make MAKEFILE_PASS=BASIC     build_all
RIOS: created directory
[ /file/dfam/agent/RIOS/riosww ]
makepath riosww/. && cd riosww &&  exec make MAKEFILE_PASS=BASIC     build_all
riosww: created directory
[ /file/dfam/agent/RIOS/riosww/dfamagt ]
makepath dfamagt/. && cd dfamagt &&  exec make MAKEFILE_PASS=BASIC     build_all
dfamagt: created directory
xlc -c     -O  -D_FRAGWRITE -D_ALL_SOURCE -Drios -D_IBMR2 -DAIX_PROD -D_THREAD_SAFE -qchars=signed   -I. -I/project/dce/build/dce/src/file/dfam/agent/RIOS/riosww/dfamagt  -I../h -I/project/dce/build/dce/src/file/dfam/agent/RIOS/riosww/h -I/project/dce/build/dce/export/rios/usr/include -I/project/dce/build/dce/external/rios/usr/include  /u0/build/dce/V1.2.2/dce/src/file/dfam/agent/RIOS/riosww/dfamagt/agt_acl.c
xlc -c     -O  -D_FRAGWRITE -D_ALL_SOURCE -Drios -D_IBMR2 -DAIX_PROD -D_THREAD_SAFE -qchars=signed   -I. -I/project/dce/build/dce/src/file/dfam/agent/RIOS/riosww/dfamagt  -I../h -I/project/dce/build/dce/src/file/dfam/agent/RIOS/riosww/h -I/project/dce/build/dce/export/rios/usr/include -I/project/dce/build/dce/external/rios/usr/include  /u0/build/dce/V1.2.2/dce/src/file/dfam/agent/RIOS/riosww/dfamagt/agt_cmd.c
xlc -c     -O  -D_FRAGWRITE -D_ALL_SOURCE -Drios -D_IBMR2 -DAIX_PROD -D_THREAD_SAFE -qchars=signed   -I. -I/project/dce/build/dce/src/file/dfam/agent/RIOS/riosww/dfamagt  -I../h -I/project/dce/build/dce/src/file/dfam/agent/RIOS/riosww/h -I/project/dce/build/dce/export/rios/usr/include -I/project/dce/build/dce/external/rios/usr/include  /u0/build/dce/V1.2.2/dce/src/file/dfam/agent/RIOS/riosww/dfamagt/agt_dsync.c
xlc -c     -O  -D_FRAGWRITE -D_ALL_SOURCE -Drios -D_IBMR2 -DAIX_PROD -D_THREAD_SAFE -qchars=signed   -I. -I/project/dce/build/dce/src/file/dfam/agent/RIOS/riosww/dfamagt  -I../h -I/project/dce/build/dce/src/file/dfam/agent/RIOS/riosww/h -I/project/dce/build/dce/export/rios/usr/include -I/project/dce/build/dce/external/rios/usr/include  /u0/build/dce/V1.2.2/dce/src/file/dfam/agent/RIOS/riosww/dfamagt/agt_file.c
xlc -c     -O  -D_FRAGWRITE -D_ALL_SOURCE -Drios -D_IBMR2 -DAIX_PROD -D_THREAD_SAFE -qchars=signed   -I. -I/project/dce/build/dce/src/file/dfam/agent/RIOS/riosww/dfamagt  -I../h -I/project/dce/build/dce/src/file/dfam/agent/RIOS/riosww/h -I/project/dce/build/dce/export/rios/usr/include -I/project/dce/build/dce/external/rios/usr/include  /u0/build/dce/V1.2.2/dce/src/file/dfam/agent/RIOS/riosww/dfamagt/agt_init.c
    1500-010: (W) WARNING in agt_init_check_environment: Infinite loop.  Program may not stop.
xlc -c     -O  -D_FRAGWRITE -D_ALL_SOURCE -Drios -D_IBMR2 -DAIX_PROD -D_THREAD_SAFE -qchars=signed   -I. -I/project/dce/build/dce/src/file/dfam/agent/RIOS/riosww/dfamagt  -I../h -I/project/dce/build/dce/src/file/dfam/agent/RIOS/riosww/h -I/project/dce/build/dce/export/rios/usr/include -I/project/dce/build/dce/external/rios/usr/include  /u0/build/dce/V1.2.2/dce/src/file/dfam/agent/RIOS/riosww/dfamagt/agt_lib.c
xlc -c     -O  -D_FRAGWRITE -D_ALL_SOURCE -Drios -D_IBMR2 -DAIX_PROD -D_THREAD_SAFE -qchars=signed   -I. -I/project/dce/build/dce/src/file/dfam/agent/RIOS/riosww/dfamagt  -I../h -I/project/dce/build/dce/src/file/dfam/agent/RIOS/riosww/h -I/project/dce/build/dce/export/rios/usr/include -I/project/dce/build/dce/external/rios/usr/include  /u0/build/dce/V1.2.2/dce/src/file/dfam/agent/RIOS/riosww/dfamagt/agt_login.c
xlc -c     -O  -D_FRAGWRITE -D_ALL_SOURCE -Drios -D_IBMR2 -DAIX_PROD -D_THREAD_SAFE -qchars=signed   -I. -I/project/dce/build/dce/src/file/dfam/agent/RIOS/riosww/dfamagt  -I../h -I/project/dce/build/dce/src/file/dfam/agent/RIOS/riosww/h -I/project/dce/build/dce/export/rios/usr/include -I/project/dce/build/dce/external/rios/usr/include  /u0/build/dce/V1.2.2/dce/src/file/dfam/agent/RIOS/riosww/dfamagt/agt_main.c
xlc -c     -O  -D_FRAGWRITE -D_ALL_SOURCE -Drios -D_IBMR2 -DAIX_PROD -D_THREAD_SAFE -qchars=signed   -I. -I/project/dce/build/dce/src/file/dfam/agent/RIOS/riosww/dfamagt  -I../h -I/project/dce/build/dce/src/file/dfam/agent/RIOS/riosww/h -I/project/dce/build/dce/export/rios/usr/include -I/project/dce/build/dce/external/rios/usr/include  /u0/build/dce/V1.2.2/dce/src/file/dfam/agent/RIOS/riosww/dfamagt/agt_msg.c
xlc -c     -O  -D_FRAGWRITE -D_ALL_SOURCE -Drios -D_IBMR2 -DAIX_PROD -D_THREAD_SAFE -qchars=signed   -I. -I/project/dce/build/dce/src/file/dfam/agent/RIOS/riosww/dfamagt  -I../h -I/project/dce/build/dce/src/file/dfam/agent/RIOS/riosww/h -I/project/dce/build/dce/export/rios/usr/include -I/project/dce/build/dce/external/rios/usr/include  /u0/build/dce/V1.2.2/dce/src/file/dfam/agent/RIOS/riosww/dfamagt/agt_parm.c
xlc -c     -O  -D_FRAGWRITE -D_ALL_SOURCE -Drios -D_IBMR2 -DAIX_PROD -D_THREAD_SAFE -qchars=signed   -I. -I/project/dce/build/dce/src/file/dfam/agent/RIOS/riosww/dfamagt  -I../h -I/project/dce/build/dce/src/file/dfam/agent/RIOS/riosww/h -I/project/dce/build/dce/export/rios/usr/include -I/project/dce/build/dce/external/rios/usr/include  /u0/build/dce/V1.2.2/dce/src/file/dfam/agent/RIOS/riosww/dfamagt/agt_sck.c
xlc -c     -O  -D_FRAGWRITE -D_ALL_SOURCE -Drios -D_IBMR2 -DAIX_PROD -D_THREAD_SAFE -qchars=signed   -I. -I/project/dce/build/dce/src/file/dfam/agent/RIOS/riosww/dfamagt  -I../h -I/project/dce/build/dce/src/file/dfam/agent/RIOS/riosww/h -I/project/dce/build/dce/export/rios/usr/include -I/project/dce/build/dce/external/rios/usr/include  /u0/build/dce/V1.2.2/dce/src/file/dfam/agent/RIOS/riosww/dfamagt/agt_sem.c
xlc -c     -O  -D_FRAGWRITE -D_ALL_SOURCE -Drios -D_IBMR2 -DAIX_PROD -D_THREAD_SAFE -qchars=signed   -I. -I/project/dce/build/dce/src/file/dfam/agent/RIOS/riosww/dfamagt  -I../h -I/project/dce/build/dce/src/file/dfam/agent/RIOS/riosww/h -I/project/dce/build/dce/export/rios/usr/include -I/project/dce/build/dce/external/rios/usr/include  /u0/build/dce/V1.2.2/dce/src/file/dfam/agent/RIOS/riosww/dfamagt/agt_sig.c
    1500-010: (W) WARNING in agt_sig_USR1: Infinite loop.  Program may not stop.
    1500-010: (W) WARNING in agt_sig_SIGNALS: Infinite loop.  Program may not stop.
xlc -c     -O  -D_FRAGWRITE -D_ALL_SOURCE -Drios -D_IBMR2 -DAIX_PROD -D_THREAD_SAFE -qchars=signed   -I. -I/project/dce/build/dce/src/file/dfam/agent/RIOS/riosww/dfamagt  -I../h -I/project/dce/build/dce/src/file/dfam/agent/RIOS/riosww/h -I/project/dce/build/dce/export/rios/usr/include -I/project/dce/build/dce/external/rios/usr/include  /u0/build/dce/V1.2.2/dce/src/file/dfam/agent/RIOS/riosww/dfamagt/agt_sigdce.c
xlc -c     -O  -D_FRAGWRITE -D_ALL_SOURCE -Drios -D_IBMR2 -DAIX_PROD -D_THREAD_SAFE -qchars=signed   -I. -I/project/dce/build/dce/src/file/dfam/agent/RIOS/riosww/dfamagt  -I../h -I/project/dce/build/dce/src/file/dfam/agent/RIOS/riosww/h -I/project/dce/build/dce/export/rios/usr/include -I/project/dce/build/dce/external/rios/usr/include  /u0/build/dce/V1.2.2/dce/src/file/dfam/agent/RIOS/riosww/dfamagt/agt_stf.c
xlc -c     -O  -D_FRAGWRITE -D_ALL_SOURCE -Drios -D_IBMR2 -DAIX_PROD -D_THREAD_SAFE -qchars=signed   -I. -I/project/dce/build/dce/src/file/dfam/agent/RIOS/riosww/dfamagt  -I../h -I/project/dce/build/dce/src/file/dfam/agent/RIOS/riosww/h -I/project/dce/build/dce/export/rios/usr/include -I/project/dce/build/dce/external/rios/usr/include  /u0/build/dce/V1.2.2/dce/src/file/dfam/agent/RIOS/riosww/dfamagt/agt_sysc.c
xlc -c     -O  -D_FRAGWRITE -D_ALL_SOURCE -Drios -D_IBMR2 -DAIX_PROD -D_THREAD_SAFE -qchars=signed   -I. -I/project/dce/build/dce/src/file/dfam/agent/RIOS/riosww/dfamagt  -I../h -I/project/dce/build/dce/src/file/dfam/agent/RIOS/riosww/h -I/project/dce/build/dce/export/rios/usr/include -I/project/dce/build/dce/external/rios/usr/include  /u0/build/dce/V1.2.2/dce/src/file/dfam/agent/RIOS/riosww/dfamagt/agt_term.c
xlc -c     -O  -D_FRAGWRITE -D_ALL_SOURCE -Drios -D_IBMR2 -DAIX_PROD -D_THREAD_SAFE -qchars=signed   -I. -I/project/dce/build/dce/src/file/dfam/agent/RIOS/riosww/dfamagt  -I../h -I/project/dce/build/dce/src/file/dfam/agent/RIOS/riosww/h -I/project/dce/build/dce/export/rios/usr/include -I/project/dce/build/dce/external/rios/usr/include  /u0/build/dce/V1.2.2/dce/src/file/dfam/agent/RIOS/riosww/dfamagt/agt_time.c
xlc -c     -O  -D_FRAGWRITE -D_ALL_SOURCE -Drios -D_IBMR2 -DAIX_PROD -D_THREAD_SAFE -qchars=signed   -I. -I/project/dce/build/dce/src/file/dfam/agent/RIOS/riosww/dfamagt  -I../h -I/project/dce/build/dce/src/file/dfam/agent/RIOS/riosww/h -I/project/dce/build/dce/export/rios/usr/include -I/project/dce/build/dce/external/rios/usr/include  /u0/build/dce/V1.2.2/dce/src/file/dfam/agent/RIOS/riosww/dfamagt/agt_timer.c
xlc -c     -O  -D_FRAGWRITE -D_ALL_SOURCE -Drios -D_IBMR2 -DAIX_PROD -D_THREAD_SAFE -qchars=signed   -I. -I/project/dce/build/dce/src/file/dfam/agent/RIOS/riosww/dfamagt  -I../h -I/project/dce/build/dce/src/file/dfam/agent/RIOS/riosww/h -I/project/dce/build/dce/export/rios/usr/include -I/project/dce/build/dce/external/rios/usr/include  /u0/build/dce/V1.2.2/dce/src/file/dfam/agent/RIOS/riosww/dfamagt/agt_trc.c
xlc -c     -O  -D_FRAGWRITE -D_ALL_SOURCE -Drios -D_IBMR2 -DAIX_PROD -D_THREAD_SAFE -qchars=signed   -I. -I/project/dce/build/dce/src/file/dfam/agent/RIOS/riosww/dfamagt  -I../h -I/project/dce/build/dce/src/file/dfam/agent/RIOS/riosww/h -I/project/dce/build/dce/export/rios/usr/include -I/project/dce/build/dce/external/rios/usr/include  /u0/build/dce/V1.2.2/dce/src/file/dfam/agent/RIOS/riosww/dfamagt/agt_usrc.c
     164  1500-010: (W) WARNING in agt_usrc_main: Infinite loop.  Program may not stop.
xlc -c     -O  -D_FRAGWRITE -D_ALL_SOURCE -Drios -D_IBMR2 -DAIX_PROD -D_THREAD_SAFE -qchars=signed   -I. -I/project/dce/build/dce/src/file/dfam/agent/RIOS/riosww/dfamagt  -I../h -I/project/dce/build/dce/src/file/dfam/agent/RIOS/riosww/h -I/project/dce/build/dce/export/rios/usr/include -I/project/dce/build/dce/external/rios/usr/include  /u0/build/dce/V1.2.2/dce/src/file/dfam/agent/RIOS/riosww/dfamagt/agt_wchd.c
xlc -c     -O  -D_FRAGWRITE -D_ALL_SOURCE -Drios -D_IBMR2 -DAIX_PROD -D_THREAD_SAFE -qchars=signed   -I. -I/project/dce/build/dce/src/file/dfam/agent/RIOS/riosww/dfamagt  -I../h -I/project/dce/build/dce/src/file/dfam/agent/RIOS/riosww/h -I/project/dce/build/dce/export/rios/usr/include -I/project/dce/build/dce/external/rios/usr/include  /u0/build/dce/V1.2.2/dce/src/file/dfam/agent/RIOS/riosww/dfamagt/errno.c
xlc           -L/project/dce/build/dce/export/rios/usr/lib -L/project/dce/build/dce/external/rios/usr/lib -o dfaagt.X agt_acl.o agt_cmd.o agt_dsync.o agt_file.o agt_init.o  agt_lib.o agt_login.o agt_main.o agt_msg.o agt_parm.o  agt_sck.o agt_sem.o agt_sig.o agt_sigdce.o agt_stf.o  agt_sysc.o agt_term.o agt_time.o agt_timer.o agt_trc.o  agt_usrc.o agt_wchd.o errno.o  -ldce  
mv dfaagt.X dfaagt
[ /file/dfam/agent/RIOS/riosww/setdfakey ]
makepath setdfakey/. && cd setdfakey &&  exec make MAKEFILE_PASS=BASIC     build_all
setdfakey: created directory
xlc -c     -O  -DRIOS -D_ALL_SOURCE -Drios -D_IBMR2 -DAIX_PROD -D_THREAD_SAFE -qchars=signed   -I. -I/project/dce/build/dce/src/file/dfam/agent/RIOS/riosww/setdfakey  -I../h -I/project/dce/build/dce/src/file/dfam/agent/RIOS/riosww/h -I/project/dce/build/dce/export/rios/usr/include -I/project/dce/build/dce/external/rios/usr/include  /u0/build/dce/V1.2.2/dce/src/file/dfam/agent/RIOS/riosww/setdfakey/agt_sdk.c
xlc           -L/project/dce/build/dce/export/rios/usr/lib -L/project/dce/build/dce/external/rios/usr/lib -o setdfakey.X agt_sdk.o  -ldce   
mv setdfakey.X setdfakey
[ /file/dfam/agent/RIOS/riosww/msg ]
makepath msg/. && cd msg &&  exec make MAKEFILE_PASS=BASIC     build_all
msg: created directory
[ /file/dfam/agent/RIOS/riosww/msg/C ]
makepath C/. && cd C &&  exec make MAKEFILE_PASS=BASIC     build_all
C: created directory
gencat dfaagt.cat /u0/build/dce/V1.2.2/dce/src/file/dfam/agent/RIOS/riosww/msg/C/dfaagt.msg
gencat setdfakey.cat /u0/build/dce/V1.2.2/dce/src/file/dfam/agent/RIOS/riosww/msg/C/setdfakey.msg
