>> WARNING in current_set:
>> could not access rc file, /u/devobj/.sandboxrc, for reading.
relative path: ./file/dfam
cd /project/dce/build/dce/obj/rios/file/dfam
[ /file/dfam/agent ]
makepath agent/. && cd agent &&  exec make MAKEFILE_PASS=BASIC  _SUBMAKE_=_IS_SUBMAKE_   install_all
[ /file/dfam/agent/RIOS ]
makepath RIOS/. && cd RIOS &&  exec make MAKEFILE_PASS=BASIC     install_all
[ /file/dfam/agent/RIOS/riosww ]
makepath riosww/. && cd riosww &&  exec make MAKEFILE_PASS=BASIC     install_all
[ /file/dfam/agent/RIOS/riosww/dfamagt ]
makepath dfamagt/. && cd dfamagt &&  exec make MAKEFILE_PASS=BASIC     install_all
release   -o root -g bin -m 0550 -tostage /u0/build/dce/V1.2.2/dce/install/rios/opt/dce1.2.2 -fromfile dfaagt /bin/dfaagt 
/u0/build/dce/V1.2.2/dce/install/rios/opt/dce1.2.2/bin: created directory
/bin/dfaagt: copying from dfaagt
/bin/dfaagt: owner root, group bin, mode 0550
/bin/dfaagt: installing as /u0/build/dce/V1.2.2/dce/install/rios/opt/dce1.2.2/bin/dfaagt
[ /file/dfam/agent/RIOS/riosww/setdfakey ]
makepath setdfakey/. && cd setdfakey &&  exec make MAKEFILE_PASS=BASIC     install_all
release   -o root -g bin -m 4550 -tostage /u0/build/dce/V1.2.2/dce/install/rios/opt/dce1.2.2 -fromfile setdfakey /bin/setdfakey 
/bin/setdfakey: copying from setdfakey
/bin/setdfakey: owner root, group bin, mode 04550
/bin/setdfakey: installing as /u0/build/dce/V1.2.2/dce/install/rios/opt/dce1.2.2/bin/setdfakey
[ /file/dfam/agent/RIOS/riosww/msg ]
makepath msg/. && cd msg &&  exec make MAKEFILE_PASS=BASIC     install_all
[ /file/dfam/agent/RIOS/riosww/msg/C ]
makepath C/. && cd C &&  exec make MAKEFILE_PASS=BASIC     install_all
release   -o root -g bin -m 444 -tostage /u0/build/dce/V1.2.2/dce/install/rios/opt/dce1.2.2 -fromfile dfaagt.cat /nls/msg/C/dfaagt.cat 
/u0/build/dce/V1.2.2/dce/install/rios/opt/dce1.2.2/nls: created directory
/u0/build/dce/V1.2.2/dce/install/rios/opt/dce1.2.2/nls/msg: created directory
/u0/build/dce/V1.2.2/dce/install/rios/opt/dce1.2.2/nls/msg/C: created directory
/nls/msg/C/dfaagt.cat: copying from dfaagt.cat
/nls/msg/C/dfaagt.cat: owner root, group bin, mode 0444
/nls/msg/C/dfaagt.cat: installing as /u0/build/dce/V1.2.2/dce/install/rios/opt/dce1.2.2/nls/msg/C/dfaagt.cat
release   -o root -g bin -m 444 -tostage /u0/build/dce/V1.2.2/dce/install/rios/opt/dce1.2.2 -fromfile setdfakey.cat /nls/msg/C/setdfakey.cat 
/nls/msg/C/setdfakey.cat: copying from setdfakey.cat
/nls/msg/C/setdfakey.cat: owner root, group bin, mode 0444
/nls/msg/C/setdfakey.cat: installing as /u0/build/dce/V1.2.2/dce/install/rios/opt/dce1.2.2/nls/msg/C/setdfakey.cat
