>> WARNING in current_set:
>> could not access rc file, /u/devobj/.sandboxrc, for reading.
relative path: .
cd /project/dce/build/dce/obj/rios
[ /tools ]
makepath tools/. && cd tools &&  exec make MAKEFILE_PASS=SETUP  _SUBMAKE_=_IS_SUBMAKE_   setup_all
tools: created directory
[ /tools/sams ]
makepath sams/. && cd sams &&  exec make MAKEFILE_PASS=SETUP     setup_all
sams: created directory
xlc -c     -O   -D_ALL_SOURCE -DAIX32   -I. -I/project/dce/build/dce/src/tools/sams   -I/project/dce/build/dce/export/rios/usr/include -I/project/dce/build/dce/external/rios/usr/include  /u0/build/dce/V1.2.2/dce/src/tools/sams/sams.c
yacc  -d /u0/build/dce/V1.2.2/dce/src/tools/sams/samsgram.y
mv y.tab.c samsgram.c
mv y.tab.h samsgram.h
yacc  -d /u0/build/dce/V1.2.2/dce/src/tools/sams/samsgram.y
mv y.tab.c samsgram.c
mv y.tab.h samsgram.h
lex    /u0/build/dce/V1.2.2/dce/src/tools/sams/samslex.l
mv -f lex.yy.c samslex.c
xlc -c     -O   -D_ALL_SOURCE -DAIX32   -I. -I/project/dce/build/dce/src/tools/sams   -I/project/dce/build/dce/export/rios/usr/include -I/project/dce/build/dce/external/rios/usr/include  samsgram.c
xlc -c     -O   -D_ALL_SOURCE -DAIX32   -I. -I/project/dce/build/dce/src/tools/sams   -I/project/dce/build/dce/export/rios/usr/include -I/project/dce/build/dce/external/rios/usr/include  samslex.c
xlc           -L/project/dce/build/dce/export/rios/usr/lib -L/project/dce/build/dce/external/rios/usr/lib -o sams.X sams.o samsgram.o samslex.o    
mv sams.X sams
rm -f /project/dce/build/dce/tools/rios/bin//sams
makepath /project/dce/build/dce/tools/rios/bin//sams
(cd .;tar cfh - sams) |  (cd /project/dce/build/dce/tools/rios/bin/;tar xf -)
[ /dce ]
[ /dce ]
makepath dce/. && cd dce &&  exec make MAKEFILE_PASS=SETUP  _SUBMAKE_=_IS_SUBMAKE_   setup_all
dce: created directory
[ /dce/utils ]
makepath utils/. && cd utils &&  exec make MAKEFILE_PASS=SETUP     setup_all
utils: created directory
makepath dce/. && cd dce &&  exec make MAKEFILE_PASS=SETUP  _SUBMAKE_=_IS_SUBMAKE_   setup_all
[ /dce/utils ]
makepath utils/. && cd utils &&  exec make MAKEFILE_PASS=SETUP     setup_all
[ /time ]
makepath time/. && cd time &&  exec make MAKEFILE_PASS=SETUP  _SUBMAKE_=_IS_SUBMAKE_   setup_all
time: created directory
[ /time/zoneinfo ]
makepath zoneinfo/. && cd zoneinfo &&  exec make MAKEFILE_PASS=SETUP     setup_all
zoneinfo: created directory
[ /time/zoneinfo/zic ]
makepath zic/. && cd zic &&  exec make MAKEFILE_PASS=SETUP     setup_all
zic: created directory
xlc -c     -O  -Dunix -D_BSD -D_ALL_SOURCE -D_ALL_SOURCE -DAIX32   -I. -I/project/dce/build/dce/src/time/zoneinfo/zic  -I. -I/project/dce/build/dce/src/time/zoneinfo/zic -I../../common -I/project/dce/build/dce/src/time/common -I../../common/POSIX -I/project/dce/build/dce/src/time/common/POSIX -I/project/dce/build/dce/export/rios/usr/include -I/project/dce/build/dce/external/rios/usr/include  /u0/build/dce/V1.2.2/dce/src/time/zoneinfo/zic/zic.c
    1694  1500-010: (W) WARNING in yearistype: Infinite loop.  Program may not stop.
xlc -c     -O  -Dunix -D_BSD -D_ALL_SOURCE -D_ALL_SOURCE -DAIX32   -I. -I/project/dce/build/dce/src/time/zoneinfo/zic  -I. -I/project/dce/build/dce/src/time/zoneinfo/zic -I../../common -I/project/dce/build/dce/src/time/common -I../../common/POSIX -I/project/dce/build/dce/src/time/common/POSIX -I/project/dce/build/dce/export/rios/usr/include -I/project/dce/build/dce/external/rios/usr/include  /u0/build/dce/V1.2.2/dce/src/time/zoneinfo/zic/scheck.c
xlc -c     -O  -Dunix -D_BSD -D_ALL_SOURCE -D_ALL_SOURCE -DAIX32   -I. -I/project/dce/build/dce/src/time/zoneinfo/zic  -I. -I/project/dce/build/dce/src/time/zoneinfo/zic -I../../common -I/project/dce/build/dce/src/time/common -I../../common/POSIX -I/project/dce/build/dce/src/time/common/POSIX -I/project/dce/build/dce/export/rios/usr/include -I/project/dce/build/dce/external/rios/usr/include  /u0/build/dce/V1.2.2/dce/src/time/zoneinfo/zic/ialloc.c
xlc           -L/project/dce/build/dce/export/rios/usr/lib -L/project/dce/build/dce/external/rios/usr/lib -o zic.X zic.o scheck.o ialloc.o  -lm -lcurses -lbsd  
mv zic.X zic
rm -f /project/dce/build/dce/tools/rios/bin//zic
makepath /project/dce/build/dce/tools/rios/bin//zic
(cd .;tar cfh - zic) |  (cd /project/dce/build/dce/tools/rios/bin/;tar xf -)
[ /security ]
makepath security/. && cd security &&  exec make MAKEFILE_PASS=SETUP  _SUBMAKE_=_IS_SUBMAKE_   setup_all
security: created directory
[ /security/krb5 ]
makepath krb5/. && cd krb5 &&  exec make MAKEFILE_PASS=SETUP     setup_all
krb5: created directory
[ /security/krb5/comerr ]
makepath comerr/. && cd comerr &&  exec make MAKEFILE_PASS=SETUP     setup_all
comerr: created directory
cc -c     -O  -DOSF_DCE  -D_ALL_SOURCE -DAIX32   -I. -I/project/dce/build/dce/src/security/krb5/comerr  -I/project/dce/build/dce/export/rios/usr/include -I/project/dce/build/dce/external/rios/usr/include  /u0/build/dce/V1.2.2/dce/src/security/krb5/comerr/compile_et.c
lex    /u0/build/dce/V1.2.2/dce/src/security/krb5/comerr/et_lex.lex.l
mv -f lex.yy.c et_lex.lex.c
yacc    /u0/build/dce/V1.2.2/dce/src/security/krb5/comerr/error_table.y
cc -c    -O  -DOSF_DCE  -D_ALL_SOURCE -DAIX32   -I. -I/project/dce/build/dce/src/security/krb5/comerr  -I/project/dce/build/dce/export/rios/usr/include -I/project/dce/build/dce/external/rios/usr/include  y.tab.c
rm -f y.tab.c
mv -f y.tab.o error_table.o
cc           -L/project/dce/build/dce/export/rios/usr/lib -L/project/dce/build/dce/external/rios/usr/lib -o compile_et.X compile_et.o  error_table.o  -ll  
mv compile_et.X compile_et
rm -f /project/dce/build/dce/tools/rios/bin//compile_et
makepath /project/dce/build/dce/tools/rios/bin//compile_et
(cd .;tar cfh - compile_et) |  (cd /project/dce/build/dce/tools/rios/bin/;tar xf -)
[ /rpc ]
makepath rpc/. && cd rpc &&  exec make MAKEFILE_PASS=SETUP  _SUBMAKE_=_IS_SUBMAKE_   setup_all
rpc: created directory
[ /rpc/idl ]
makepath idl/. && cd idl &&  exec make MAKEFILE_PASS=SETUP     setup_all
idl: created directory
[ /rpc/idl/idl_compiler ]
makepath idl_compiler/. && cd idl_compiler &&  exec make MAKEFILE_PASS=SETUP     setup_all
idl_compiler: created directory
rm -f default_msg.h
sed  -e '/^\$/d;/^$/d;s/^[^ ]* /"/;s/$/",/;'  /u0/build/dce/V1.2.2/dce/src/rpc/idl/idl_compiler/nidlmsg.m > default_msg.h
rm -f idl.cat
gencat idl.cat /u0/build/dce/V1.2.2/dce/src/rpc/idl/idl_compiler/nidlmsg.m
rm -f acf_y_tab.c acf_y_tab.h
yacc  -l -d  /u0/build/dce/V1.2.2/dce/src/rpc/idl/idl_compiler/acf.y
mv y.tab.c acf_y_tab.c
mv y.tab.h acf_y_tab.h
rm -f lex_yy.c	
lex    -t /u0/build/dce/V1.2.2/dce/src/rpc/idl/idl_compiler/nidl.l > lex_yy.c
rm -f acf_lex_yy_i.c	
lex    -t /u0/build/dce/V1.2.2/dce/src/rpc/idl/idl_compiler/acf.l > acf_lex_yy_i.c
rm -f /project/dce/build/dce/tools/rios/bin//idl.cat
makepath /project/dce/build/dce/tools/rios/bin//idl.cat
(cd .;tar cfh - idl.cat) |  (cd /project/dce/build/dce/tools/rios/bin/;tar xf -)
rm -f y_tab.c y_tab.h
yacc  -l -d  /u0/build/dce/V1.2.2/dce/src/rpc/idl/idl_compiler/nidl.y

conflicts: 4 shift/reduce
mv y.tab.c y_tab.c
mv y.tab.h y_tab.h
xlc -c     -O  -Dunix -D_ALL_SOURCE -DNO_SIOCGIFADDR -DMIA  -D_ALL_SOURCE -DAIX32   -I. -I/project/dce/build/dce/src/rpc/idl/idl_compiler    -I/project/dce/build/dce/external/rios/usr/include  acf_y_tab.c
xlc -c     -O  -Dunix -D_ALL_SOURCE -DNO_SIOCGIFADDR -DMIA  -D_ALL_SOURCE -DAIX32   -I. -I/project/dce/build/dce/src/rpc/idl/idl_compiler    -I/project/dce/build/dce/external/rios/usr/include  /u0/build/dce/V1.2.2/dce/src/rpc/idl/idl_compiler/acf_lex_yy.c
xlc -c     -O  -Dunix -D_ALL_SOURCE -DNO_SIOCGIFADDR -DMIA  -D_ALL_SOURCE -DAIX32   -I. -I/project/dce/build/dce/src/rpc/idl/idl_compiler    -I/project/dce/build/dce/external/rios/usr/include  /u0/build/dce/V1.2.2/dce/src/rpc/idl/idl_compiler/astp_com.c
xlc -c     -O  -Dunix -D_ALL_SOURCE -DNO_SIOCGIFADDR -DMIA  -D_ALL_SOURCE -DAIX32   -I. -I/project/dce/build/dce/src/rpc/idl/idl_compiler    -I/project/dce/build/dce/external/rios/usr/include  /u0/build/dce/V1.2.2/dce/src/rpc/idl/idl_compiler/astp_cpx.c
xlc -c     -O  -Dunix -D_ALL_SOURCE -DNO_SIOCGIFADDR -DMIA  -D_ALL_SOURCE -DAIX32   -I. -I/project/dce/build/dce/src/rpc/idl/idl_compiler    -I/project/dce/build/dce/external/rios/usr/include  /u0/build/dce/V1.2.2/dce/src/rpc/idl/idl_compiler/astp_gbl.c
xlc -c     -O  -Dunix -D_ALL_SOURCE -DNO_SIOCGIFADDR -DMIA  -D_ALL_SOURCE -DAIX32   -I. -I/project/dce/build/dce/src/rpc/idl/idl_compiler    -I/project/dce/build/dce/external/rios/usr/include  /u0/build/dce/V1.2.2/dce/src/rpc/idl/idl_compiler/astp_sim.c
xlc -c     -O  -Dunix -D_ALL_SOURCE -DNO_SIOCGIFADDR -DMIA  -D_ALL_SOURCE -DAIX32   -I. -I/project/dce/build/dce/src/rpc/idl/idl_compiler    -I/project/dce/build/dce/external/rios/usr/include  /u0/build/dce/V1.2.2/dce/src/rpc/idl/idl_compiler/astp_dmp.c
xlc -c     -O  -Dunix -D_ALL_SOURCE -DNO_SIOCGIFADDR -DMIA  -D_ALL_SOURCE -DAIX32   -I. -I/project/dce/build/dce/src/rpc/idl/idl_compiler    -I/project/dce/build/dce/external/rios/usr/include  /u0/build/dce/V1.2.2/dce/src/rpc/idl/idl_compiler/checker.c
xlc -c     -O  -Dunix -D_ALL_SOURCE -DNO_SIOCGIFADDR -DMIA  -D_ALL_SOURCE -DAIX32   -I. -I/project/dce/build/dce/src/rpc/idl/idl_compiler    -I/project/dce/build/dce/external/rios/usr/include  /u0/build/dce/V1.2.2/dce/src/rpc/idl/idl_compiler/chkichar.c
xlc -c     -O  -Dunix -D_ALL_SOURCE -DNO_SIOCGIFADDR -DMIA  -D_ALL_SOURCE -DAIX32   -I. -I/project/dce/build/dce/src/rpc/idl/idl_compiler    -I/project/dce/build/dce/external/rios/usr/include  /u0/build/dce/V1.2.2/dce/src/rpc/idl/idl_compiler/command.c
xlc -c     -O  -Dunix -D_ALL_SOURCE -DNO_SIOCGIFADDR -DMIA  -D_ALL_SOURCE -DAIX32   -I. -I/project/dce/build/dce/src/rpc/idl/idl_compiler    -I/project/dce/build/dce/external/rios/usr/include  /u0/build/dce/V1.2.2/dce/src/rpc/idl/idl_compiler/driver.c
xlc -c     -O  -Dunix -D_ALL_SOURCE -DNO_SIOCGIFADDR -DMIA  -D_ALL_SOURCE -DAIX32   -I. -I/project/dce/build/dce/src/rpc/idl/idl_compiler    -I/project/dce/build/dce/external/rios/usr/include  /u0/build/dce/V1.2.2/dce/src/rpc/idl/idl_compiler/errors.c
xlc -c     -O  -Dunix -D_ALL_SOURCE -DNO_SIOCGIFADDR -DMIA  -D_ALL_SOURCE -DAIX32   -I. -I/project/dce/build/dce/src/rpc/idl/idl_compiler    -I/project/dce/build/dce/external/rios/usr/include  /u0/build/dce/V1.2.2/dce/src/rpc/idl/idl_compiler/files.c
xlc -c     -O  -Dunix -D_ALL_SOURCE -DNO_SIOCGIFADDR -DMIA  -D_ALL_SOURCE -DAIX32   -I. -I/project/dce/build/dce/src/rpc/idl/idl_compiler    -I/project/dce/build/dce/external/rios/usr/include  /u0/build/dce/V1.2.2/dce/src/rpc/idl/idl_compiler/frontend.c
xlc -c     -O  -Dunix -D_ALL_SOURCE -DNO_SIOCGIFADDR -DMIA  -D_ALL_SOURCE -DAIX32   -I. -I/project/dce/build/dce/src/rpc/idl/idl_compiler    -I/project/dce/build/dce/external/rios/usr/include  /u0/build/dce/V1.2.2/dce/src/rpc/idl/idl_compiler/getflags.c
xlc -c     -O  -Dunix -D_ALL_SOURCE -DNO_SIOCGIFADDR -DMIA  -D_ALL_SOURCE -DAIX32   -I. -I/project/dce/build/dce/src/rpc/idl/idl_compiler    -I/project/dce/build/dce/external/rios/usr/include  /u0/build/dce/V1.2.2/dce/src/rpc/idl/idl_compiler/keywds.c
xlc -c     -O  -Dunix -D_ALL_SOURCE -DNO_SIOCGIFADDR -DMIA  -D_ALL_SOURCE -DAIX32   -I. -I/project/dce/build/dce/src/rpc/idl/idl_compiler    -I/project/dce/build/dce/external/rios/usr/include  /u0/build/dce/V1.2.2/dce/src/rpc/idl/idl_compiler/main.c
xlc -c     -O  -Dunix -D_ALL_SOURCE -DNO_SIOCGIFADDR -DMIA  -D_ALL_SOURCE -DAIX32   -I. -I/project/dce/build/dce/src/rpc/idl/idl_compiler    -I/project/dce/build/dce/external/rios/usr/include  /u0/build/dce/V1.2.2/dce/src/rpc/idl/idl_compiler/message.c
xlc -c     -O  -Dunix -D_ALL_SOURCE -DNO_SIOCGIFADDR -DMIA  -D_ALL_SOURCE -DAIX32   -I. -I/project/dce/build/dce/src/rpc/idl/idl_compiler    -I/project/dce/build/dce/external/rios/usr/include  /u0/build/dce/V1.2.2/dce/src/rpc/idl/idl_compiler/nametbl.c
xlc -c     -O  -Dunix -D_ALL_SOURCE -DNO_SIOCGIFADDR -DMIA  -D_ALL_SOURCE -DAIX32   -I. -I/project/dce/build/dce/src/rpc/idl/idl_compiler    -I/project/dce/build/dce/external/rios/usr/include  /u0/build/dce/V1.2.2/dce/src/rpc/idl/idl_compiler/namdump.c
xlc -c     -O  -Dunix -D_ALL_SOURCE -DNO_SIOCGIFADDR -DMIA  -D_ALL_SOURCE -DAIX32   -I. -I/project/dce/build/dce/src/rpc/idl/idl_compiler    -I/project/dce/build/dce/external/rios/usr/include  /u0/build/dce/V1.2.2/dce/src/rpc/idl/idl_compiler/propagat.c
xlc -c     -O  -Dunix -D_ALL_SOURCE -DNO_SIOCGIFADDR -DMIA  -D_ALL_SOURCE -DAIX32   -I. -I/project/dce/build/dce/src/rpc/idl/idl_compiler    -I/project/dce/build/dce/external/rios/usr/include  /u0/build/dce/V1.2.2/dce/src/rpc/idl/idl_compiler/sysdep.c
xlc -c     -O  -Dunix -D_ALL_SOURCE -DNO_SIOCGIFADDR -DMIA  -D_ALL_SOURCE -DAIX32   -I. -I/project/dce/build/dce/src/rpc/idl/idl_compiler    -I/project/dce/build/dce/external/rios/usr/include  /u0/build/dce/V1.2.2/dce/src/rpc/idl/idl_compiler/mtsbacke.c
xlc -c     -O  -Dunix -D_ALL_SOURCE -DNO_SIOCGIFADDR -DMIA  -D_ALL_SOURCE -DAIX32   -I. -I/project/dce/build/dce/src/rpc/idl/idl_compiler    -I/project/dce/build/dce/external/rios/usr/include  /u0/build/dce/V1.2.2/dce/src/rpc/idl/idl_compiler/ddbe.c
xlc -c     -O  -Dunix -D_ALL_SOURCE -DNO_SIOCGIFADDR -DMIA  -D_ALL_SOURCE -DAIX32   -I. -I/project/dce/build/dce/src/rpc/idl/idl_compiler    -I/project/dce/build/dce/external/rios/usr/include  /u0/build/dce/V1.2.2/dce/src/rpc/idl/idl_compiler/ddspell.c
xlc -c     -O  -Dunix -D_ALL_SOURCE -DNO_SIOCGIFADDR -DMIA  -D_ALL_SOURCE -DAIX32   -I. -I/project/dce/build/dce/src/rpc/idl/idl_compiler    -I/project/dce/build/dce/external/rios/usr/include  /u0/build/dce/V1.2.2/dce/src/rpc/idl/idl_compiler/cspeldcl.c
xlc -c     -O  -Dunix -D_ALL_SOURCE -DNO_SIOCGIFADDR -DMIA  -D_ALL_SOURCE -DAIX32   -I. -I/project/dce/build/dce/src/rpc/idl/idl_compiler    -I/project/dce/build/dce/external/rios/usr/include  /u0/build/dce/V1.2.2/dce/src/rpc/idl/idl_compiler/cspell.c
xlc -c     -O  -Dunix -D_ALL_SOURCE -DNO_SIOCGIFADDR -DMIA  -D_ALL_SOURCE -DAIX32   -I. -I/project/dce/build/dce/src/rpc/idl/idl_compiler    -I/project/dce/build/dce/external/rios/usr/include  /u0/build/dce/V1.2.2/dce/src/rpc/idl/idl_compiler/cstubmts.c
xlc -c     -O  -Dunix -D_ALL_SOURCE -DNO_SIOCGIFADDR -DMIA  -D_ALL_SOURCE -DAIX32   -I. -I/project/dce/build/dce/src/rpc/idl/idl_compiler    -I/project/dce/build/dce/external/rios/usr/include  /u0/build/dce/V1.2.2/dce/src/rpc/idl/idl_compiler/hdgen.c
xlc -c     -O  -Dunix -D_ALL_SOURCE -DNO_SIOCGIFADDR -DMIA  -D_ALL_SOURCE -DAIX32   -I. -I/project/dce/build/dce/src/rpc/idl/idl_compiler    -I/project/dce/build/dce/external/rios/usr/include  /u0/build/dce/V1.2.2/dce/src/rpc/idl/idl_compiler/clihamts.c
xlc -c     -O  -Dunix -D_ALL_SOURCE -DNO_SIOCGIFADDR -DMIA  -D_ALL_SOURCE -DAIX32   -I. -I/project/dce/build/dce/src/rpc/idl/idl_compiler    -I/project/dce/build/dce/external/rios/usr/include  /u0/build/dce/V1.2.2/dce/src/rpc/idl/idl_compiler/mtspipes.c
xlc -c     -O  -Dunix -D_ALL_SOURCE -DNO_SIOCGIFADDR -DMIA  -D_ALL_SOURCE -DAIX32   -I. -I/project/dce/build/dce/src/rpc/idl/idl_compiler    -I/project/dce/build/dce/external/rios/usr/include  /u0/build/dce/V1.2.2/dce/src/rpc/idl/idl_compiler/irepgen.c
xlc -c     -O  -Dunix -D_ALL_SOURCE -DNO_SIOCGIFADDR -DMIA  -D_ALL_SOURCE -DAIX32   -I. -I/project/dce/build/dce/src/rpc/idl/idl_compiler    -I/project/dce/build/dce/external/rios/usr/include  /u0/build/dce/V1.2.2/dce/src/rpc/idl/idl_compiler/irepscp.c
xlc -c     -O  -Dunix -D_ALL_SOURCE -DNO_SIOCGIFADDR -DMIA  -D_ALL_SOURCE -DAIX32   -I. -I/project/dce/build/dce/src/rpc/idl/idl_compiler    -I/project/dce/build/dce/external/rios/usr/include  /u0/build/dce/V1.2.2/dce/src/rpc/idl/idl_compiler/ifspemts.c
xlc -c     -O  -Dunix -D_ALL_SOURCE -DNO_SIOCGIFADDR -DMIA  -D_ALL_SOURCE -DAIX32   -I. -I/project/dce/build/dce/src/rpc/idl/idl_compiler    -I/project/dce/build/dce/external/rios/usr/include  /u0/build/dce/V1.2.2/dce/src/rpc/idl/idl_compiler/sstubmts.c
xlc -c     -O  -Dunix -D_ALL_SOURCE -DNO_SIOCGIFADDR -DMIA  -D_ALL_SOURCE -DAIX32   -I. -I/project/dce/build/dce/src/rpc/idl/idl_compiler    -I/project/dce/build/dce/external/rios/usr/include  /u0/build/dce/V1.2.2/dce/src/rpc/idl/idl_compiler/comstmts.c
xlc -c     -O  -Dunix -D_ALL_SOURCE -DNO_SIOCGIFADDR -DMIA  -D_ALL_SOURCE -DAIX32   -I. -I/project/dce/build/dce/src/rpc/idl/idl_compiler    -I/project/dce/build/dce/external/rios/usr/include  /u0/build/dce/V1.2.2/dce/src/rpc/idl/idl_compiler/user_exc.c
xlc -c     -O  -Dunix -D_ALL_SOURCE -DNO_SIOCGIFADDR -DMIA  -D_ALL_SOURCE -DAIX32   -I. -I/project/dce/build/dce/src/rpc/idl/idl_compiler    -I/project/dce/build/dce/external/rios/usr/include  /u0/build/dce/V1.2.2/dce/src/rpc/idl/idl_compiler/icharsup.c
xlc -c     -O  -Dunix -D_ALL_SOURCE -DNO_SIOCGIFADDR -DMIA  -D_ALL_SOURCE -DAIX32   -I. -I/project/dce/build/dce/src/rpc/idl/idl_compiler    -I/project/dce/build/dce/external/rios/usr/include  lex_yy.c
xlc -c     -O  -Dunix -D_ALL_SOURCE -DNO_SIOCGIFADDR -DMIA  -D_ALL_SOURCE -DAIX32   -I. -I/project/dce/build/dce/src/rpc/idl/idl_compiler    -I/project/dce/build/dce/external/rios/usr/include  /u0/build/dce/V1.2.2/dce/src/rpc/idl/idl_compiler/idlparse.c
xlc           -L/project/dce/build/dce/export/rios/usr/lib -L/project/dce/build/dce/external/rios/usr/lib -o idl.X acf_y_tab.o lex_yy.o acf_lex_yy.o astp_com.o  astp_cpx.o astp_gbl.o astp_sim.o astp_dmp.o checker.o chkichar.o command.o driver.o errors.o files.o frontend.o        getflags.o keywds.o main.o message.o nametbl.o        namdump.o propagat.o sysdep.o idlparse.o      mtsbacke.o  ddbe.o ddspell.o cspeldcl.o  cspell.o  cstubmts.o  hdgen.o  clihamts.o  mtspipes.o irepgen.o irepscp.o  ifspemts.o  sstubmts.o  comstmts.o user_exc.o icharsup.o     -lbsd  
mv idl.X idl
rm -f /project/dce/build/dce/tools/rios/bin//idl
makepath /project/dce/build/dce/tools/rios/bin//idl
(cd .;tar cfh - idl) |  (cd /project/dce/build/dce/tools/rios/bin/;tar xf -)
[ /directory ]
makepath directory/. && cd directory &&  exec make MAKEFILE_PASS=SETUP  _SUBMAKE_=_IS_SUBMAKE_   setup_all
directory: created directory
[ /directory/gds ]
makepath gds/. && cd gds &&  exec make MAKEFILE_PASS=SETUP     setup_all
gds: created directory
[ /directory/gds/MAVROS ]
makepath MAVROS/. && cd MAVROS &&  exec make MAKEFILE_PASS=SETUP     setup_all
MAVROS: created directory
xlc -c     -O  -DYY_ERR_MSG -DSYS5 -DXOS -D_ALL_SOURCE -DTHREADSAFE  -D_ALL_SOURCE -DAIX32   -I. -I/project/dce/build/dce/src/directory/gds/MAVROS   -I/project/dce/build/dce/export/rios/usr/include -I/project/dce/build/dce/external/rios/usr/include  /u0/build/dce/V1.2.2/dce/src/directory/gds/MAVROS/mavrospro.c
xlc -c     -O  -DYY_ERR_MSG -DSYS5 -DXOS -D_ALL_SOURCE -DTHREADSAFE  -D_ALL_SOURCE -DAIX32   -I. -I/project/dce/build/dce/src/directory/gds/MAVROS   -I/project/dce/build/dce/export/rios/usr/include -I/project/dce/build/dce/external/rios/usr/include  /u0/build/dce/V1.2.2/dce/src/directory/gds/MAVROS/mavrosgen.c
xlc -c     -O  -DYY_ERR_MSG -DSYS5 -DXOS -D_ALL_SOURCE -DTHREADSAFE  -D_ALL_SOURCE -DAIX32   -I. -I/project/dce/build/dce/src/directory/gds/MAVROS   -I/project/dce/build/dce/export/rios/usr/include -I/project/dce/build/dce/external/rios/usr/include  /u0/build/dce/V1.2.2/dce/src/directory/gds/MAVROS/mavros.c
xlc -c     -O  -DYY_ERR_MSG -DSYS5 -DXOS -D_ALL_SOURCE -DTHREADSAFE  -D_ALL_SOURCE -DAIX32   -I. -I/project/dce/build/dce/src/directory/gds/MAVROS   -I/project/dce/build/dce/export/rios/usr/include -I/project/dce/build/dce/external/rios/usr/include  /u0/build/dce/V1.2.2/dce/src/directory/gds/MAVROS/mavrosinout.c
xlc -c     -O  -DYY_ERR_MSG -DSYS5 -DXOS -D_ALL_SOURCE -DTHREADSAFE  -D_ALL_SOURCE -DAIX32   -I. -I/project/dce/build/dce/src/directory/gds/MAVROS   -I/project/dce/build/dce/export/rios/usr/include -I/project/dce/build/dce/external/rios/usr/include  /u0/build/dce/V1.2.2/dce/src/directory/gds/MAVROS/mavroscpy.c
xlc -c     -O  -DYY_ERR_MSG -DSYS5 -DXOS -D_ALL_SOURCE -DTHREADSAFE  -D_ALL_SOURCE -DAIX32   -I. -I/project/dce/build/dce/src/directory/gds/MAVROS   -I/project/dce/build/dce/export/rios/usr/include -I/project/dce/build/dce/external/rios/usr/include  /u0/build/dce/V1.2.2/dce/src/directory/gds/MAVROS/mavrosbase.c
xlc -c     -O  -DYY_ERR_MSG -DSYS5 -DXOS -D_ALL_SOURCE -DTHREADSAFE  -D_ALL_SOURCE -DAIX32   -I. -I/project/dce/build/dce/src/directory/gds/MAVROS   -I/project/dce/build/dce/export/rios/usr/include -I/project/dce/build/dce/external/rios/usr/include  /u0/build/dce/V1.2.2/dce/src/directory/gds/MAVROS/mavrosprt.c
xlc -c     -O  -DYY_ERR_MSG -DSYS5 -DXOS -D_ALL_SOURCE -DTHREADSAFE  -D_ALL_SOURCE -DAIX32   -I. -I/project/dce/build/dce/src/directory/gds/MAVROS   -I/project/dce/build/dce/export/rios/usr/include -I/project/dce/build/dce/external/rios/usr/include  /u0/build/dce/V1.2.2/dce/src/directory/gds/MAVROS/mavrosincl.c
xlc -c     -O  -DYY_ERR_MSG -DSYS5 -DXOS -D_ALL_SOURCE -DTHREADSAFE  -D_ALL_SOURCE -DAIX32   -I. -I/project/dce/build/dce/src/directory/gds/MAVROS   -I/project/dce/build/dce/export/rios/usr/include -I/project/dce/build/dce/external/rios/usr/include  /u0/build/dce/V1.2.2/dce/src/directory/gds/MAVROS/mavroslw.c
yacc -dv /u0/build/dce/V1.2.2/dce/src/directory/gds/MAVROS/mavros.gr

conflicts: 1 shift/reduce
lex /u0/build/dce/V1.2.2/dce/src/directory/gds/MAVROS/mavros.lex
865/2000 nodes(%e), 3259/5000 positions(%p), 446/2500 (%n), 28217 transitions
64/1000 packed char classes(%k)
2762/3000 packed transitions(%a)
2233/5000 output slots(%o)

xlc -c     -O  -DYY_ERR_MSG -DSYS5 -DXOS -D_ALL_SOURCE -DTHREADSAFE  -D_ALL_SOURCE -DAIX32   -I. -I/project/dce/build/dce/src/directory/gds/MAVROS   -I/project/dce/build/dce/export/rios/usr/include -I/project/dce/build/dce/external/rios/usr/include  y.tab.c
xlc           -L/project/dce/build/dce/export/rios/usr/lib -L/project/dce/build/dce/external/rios/usr/lib -o mavros.X y.tab.o		mavrospro.o	mavrosgen.o  mavros.o  mavrosinout.o	mavroscpy.o 	mavrosbase.o  mavrosprt.o	mavrosincl.o	mavroslw.o   -ly -ll  
mv mavros.X mavros
rm -f /project/dce/build/dce/tools/rios/bin//mavros
makepath /project/dce/build/dce/tools/rios/bin//mavros
(cd .;tar cfh - mavros) |  (cd /project/dce/build/dce/tools/rios/bin/;tar xf -)
[ /directory/gds/MAVCOD ]
makepath MAVCOD/. && cd MAVCOD &&  exec make MAKEFILE_PASS=SETUP     setup_all
MAVCOD: created directory
xlc -c     -O  -DYY_ERR_MSG -DSYS5 -DXOS -D_ALL_SOURCE -DTHREADSAFE  -D_ALL_SOURCE -DAIX32   -I. -I/project/dce/build/dce/src/directory/gds/MAVCOD   -I/project/dce/build/dce/export/rios/usr/include -I/project/dce/build/dce/external/rios/usr/include  /u0/build/dce/V1.2.2/dce/src/directory/gds/MAVCOD/mavcod.c
xlc -c     -O  -DYY_ERR_MSG -DSYS5 -DXOS -D_ALL_SOURCE -DTHREADSAFE  -D_ALL_SOURCE -DAIX32   -I. -I/project/dce/build/dce/src/directory/gds/MAVCOD   -I/project/dce/build/dce/export/rios/usr/include -I/project/dce/build/dce/external/rios/usr/include  /u0/build/dce/V1.2.2/dce/src/directory/gds/MAVCOD/loading.c
xlc -c     -O  -DYY_ERR_MSG -DSYS5 -DXOS -D_ALL_SOURCE -DTHREADSAFE  -D_ALL_SOURCE -DAIX32   -I. -I/project/dce/build/dce/src/directory/gds/MAVCOD   -I/project/dce/build/dce/export/rios/usr/include -I/project/dce/build/dce/external/rios/usr/include  /u0/build/dce/V1.2.2/dce/src/directory/gds/MAVCOD/print.c
xlc -c     -O  -DYY_ERR_MSG -DSYS5 -DXOS -D_ALL_SOURCE -DTHREADSAFE  -D_ALL_SOURCE -DAIX32   -I. -I/project/dce/build/dce/src/directory/gds/MAVCOD   -I/project/dce/build/dce/export/rios/usr/include -I/project/dce/build/dce/external/rios/usr/include  /u0/build/dce/V1.2.2/dce/src/directory/gds/MAVCOD/analyse.c
xlc -c     -O  -DYY_ERR_MSG -DSYS5 -DXOS -D_ALL_SOURCE -DTHREADSAFE  -D_ALL_SOURCE -DAIX32   -I. -I/project/dce/build/dce/src/directory/gds/MAVCOD   -I/project/dce/build/dce/export/rios/usr/include -I/project/dce/build/dce/external/rios/usr/include  /u0/build/dce/V1.2.2/dce/src/directory/gds/MAVCOD/header.c
xlc -c     -O  -DYY_ERR_MSG -DSYS5 -DXOS -D_ALL_SOURCE -DTHREADSAFE  -D_ALL_SOURCE -DAIX32   -I. -I/project/dce/build/dce/src/directory/gds/MAVCOD   -I/project/dce/build/dce/export/rios/usr/include -I/project/dce/build/dce/external/rios/usr/include  /u0/build/dce/V1.2.2/dce/src/directory/gds/MAVCOD/mvr.c
yacc -dv /u0/build/dce/V1.2.2/dce/src/directory/gds/MAVCOD/mavcod.gr
lex /u0/build/dce/V1.2.2/dce/src/directory/gds/MAVCOD/mavcod.lex
816/2000 nodes(%e), 3144/5000 positions(%p), 430/2500 (%n), 27676 transitions
30/1000 packed char classes(%k)
2669/3000 packed transitions(%a)
2180/5000 output slots(%o)

xlc -c     -O  -DYY_ERR_MSG -DSYS5 -DXOS -D_ALL_SOURCE -DTHREADSAFE  -D_ALL_SOURCE -DAIX32   -I. -I/project/dce/build/dce/src/directory/gds/MAVCOD   -I/project/dce/build/dce/export/rios/usr/include -I/project/dce/build/dce/external/rios/usr/include  y.tab.c
xlc           -L/project/dce/build/dce/export/rios/usr/lib -L/project/dce/build/dce/external/rios/usr/lib -o mavcod.X mavcod.o y.tab.o loading.o print.o analyse.o header.o mvr.o  -ly -ll  
mv mavcod.X mavcod
rm -f /project/dce/build/dce/tools/rios/bin//mavcod
makepath /project/dce/build/dce/tools/rios/bin//mavcod
(cd .;tar cfh - mavcod) |  (cd /project/dce/build/dce/tools/rios/bin/;tar xf -)
[ /directory/cds ]
makepath cds/. && cd cds &&  exec make MAKEFILE_PASS=SETUP     setup_all
cds: created directory
[ /directory/cds/control ]
makepath control/. && cd control &&  exec make MAKEFILE_PASS=SETUP     setup_all
control: created directory
xlc -c     -O  -Dunix  -D_ALL_SOURCE -DDCE_ASSERT -DDCE_SEC -DDTHREAD_WRAPPERS -DDNS_MALLOC -DDNS_DFS -D_ALL_SOURCE -DAIX32   -I. -I/project/dce/build/dce/src/directory/cds/control  -I../stubs -I/project/dce/build/dce/src/directory/cds/stubs -I../includes -I/project/dce/build/dce/src/directory/cds/includes -I/project/dce/build/dce/export/rios/usr/include -I/project/dce/build/dce/external/rios/usr/include  /u0/build/dce/V1.2.2/dce/src/directory/cds/control/prs.c
"/u0/build/dce/V1.2.2/dce/src/directory/cds/control/prs.c", line 712.42: 1506-193 (E) Function call argument cannot be assigned to corresponding parameter.
"/u0/build/dce/V1.2.2/dce/src/directory/cds/control/prs.c", line 720.42: 1506-193 (E) Function call argument cannot be assigned to corresponding parameter.
"/u0/build/dce/V1.2.2/dce/src/directory/cds/control/prs.c", line 729.42: 1506-193 (E) Function call argument cannot be assigned to corresponding parameter.
"/u0/build/dce/V1.2.2/dce/src/directory/cds/control/prs.c", line 735.42: 1506-193 (E) Function call argument cannot be assigned to corresponding parameter.
"/u0/build/dce/V1.2.2/dce/src/directory/cds/control/prs.c", line 741.42: 1506-193 (E) Function call argument cannot be assigned to corresponding parameter.
"/u0/build/dce/V1.2.2/dce/src/directory/cds/control/prs.c", line 747.42: 1506-193 (E) Function call argument cannot be assigned to corresponding parameter.
"/u0/build/dce/V1.2.2/dce/src/directory/cds/control/prs.c", line 753.42: 1506-193 (E) Function call argument cannot be assigned to corresponding parameter.
"/u0/build/dce/V1.2.2/dce/src/directory/cds/control/prs.c", line 759.42: 1506-193 (E) Function call argument cannot be assigned to corresponding parameter.
"/u0/build/dce/V1.2.2/dce/src/directory/cds/control/prs.c", line 765.42: 1506-193 (E) Function call argument cannot be assigned to corresponding parameter.
"/u0/build/dce/V1.2.2/dce/src/directory/cds/control/prs.c", line 771.42: 1506-193 (E) Function call argument cannot be assigned to corresponding parameter.
"/u0/build/dce/V1.2.2/dce/src/directory/cds/control/prs.c", line 811.33: 1506-193 (E) Function call argument cannot be assigned to corresponding parameter.
"/u0/build/dce/V1.2.2/dce/src/directory/cds/control/prs.c", line 822.38: 1506-193 (E) Function call argument cannot be assigned to corresponding parameter.
"/u0/build/dce/V1.2.2/dce/src/directory/cds/control/prs.c", line 833.38: 1506-193 (E) Function call argument cannot be assigned to corresponding parameter.
"/u0/build/dce/V1.2.2/dce/src/directory/cds/control/prs.c", line 855.33: 1506-193 (E) Function call argument cannot be assigned to corresponding parameter.
"/u0/build/dce/V1.2.2/dce/src/directory/cds/control/prs.c", line 865.34: 1506-193 (E) Function call argument cannot be assigned to corresponding parameter.
"/u0/build/dce/V1.2.2/dce/src/directory/cds/control/prs.c", line 873.39: 1506-193 (E) Function call argument cannot be assigned to corresponding parameter.
"/u0/build/dce/V1.2.2/dce/src/directory/cds/control/prs.c", line 893.38: 1506-193 (E) Function call argument cannot be assigned to corresponding parameter.
"/u0/build/dce/V1.2.2/dce/src/directory/cds/control/prs.c", line 903.34: 1506-193 (E) Function call argument cannot be assigned to corresponding parameter.
"/u0/build/dce/V1.2.2/dce/src/directory/cds/control/prs.c", line 911.39: 1506-193 (E) Function call argument cannot be assigned to corresponding parameter.
"/u0/build/dce/V1.2.2/dce/src/directory/cds/control/prs.c", line 2018.33: 1506-193 (E) Function call argument cannot be assigned to corresponding parameter.
"/u0/build/dce/V1.2.2/dce/src/directory/cds/control/prs.c", line 2059.33: 1506-193 (E) Function call argument cannot be assigned to corresponding parameter.
"/u0/build/dce/V1.2.2/dce/src/directory/cds/control/prs.c", line 2124.34: 1506-193 (E) Function call argument cannot be assigned to corresponding parameter.
"/u0/build/dce/V1.2.2/dce/src/directory/cds/control/prs.c", line 2133.37: 1506-193 (E) Function call argument cannot be assigned to corresponding parameter.
"/u0/build/dce/V1.2.2/dce/src/directory/cds/control/prs.c", line 2208.34: 1506-193 (E) Function call argument cannot be assigned to corresponding parameter.
"/u0/build/dce/V1.2.2/dce/src/directory/cds/control/prs.c", line 2217.37: 1506-193 (E) Function call argument cannot be assigned to corresponding parameter.
"/u0/build/dce/V1.2.2/dce/src/directory/cds/control/prs.c", line 2226.37: 1506-193 (E) Function call argument cannot be assigned to corresponding parameter.
"/u0/build/dce/V1.2.2/dce/src/directory/cds/control/prs.c", line 2286.33: 1506-193 (E) Function call argument cannot be assigned to corresponding parameter.
"/u0/build/dce/V1.2.2/dce/src/directory/cds/control/prs.c", line 2296.57: 1506-193 (E) Function call argument cannot be assigned to corresponding parameter.
"/u0/build/dce/V1.2.2/dce/src/directory/cds/control/prs.c", line 2301.50: 1506-193 (E) Function call argument cannot be assigned to corresponding parameter.
"/u0/build/dce/V1.2.2/dce/src/directory/cds/control/prs.c", line 2350.33: 1506-193 (E) Function call argument cannot be assigned to corresponding parameter.
"/u0/build/dce/V1.2.2/dce/src/directory/cds/control/prs.c", line 2360.57: 1506-193 (E) Function call argument cannot be assigned to corresponding parameter.
"/u0/build/dce/V1.2.2/dce/src/directory/cds/control/prs.c", line 2365.50: 1506-193 (E) Function call argument cannot be assigned to corresponding parameter.
"/u0/build/dce/V1.2.2/dce/src/directory/cds/control/prs.c", line 2410.33: 1506-193 (E) Function call argument cannot be assigned to corresponding parameter.
"/u0/build/dce/V1.2.2/dce/src/directory/cds/control/prs.c", line 2486.33: 1506-193 (E) Function call argument cannot be assigned to corresponding parameter.
"/u0/build/dce/V1.2.2/dce/src/directory/cds/control/prs.c", line 2538.33: 1506-193 (E) Function call argument cannot be assigned to corresponding parameter.
"/u0/build/dce/V1.2.2/dce/src/directory/cds/control/prs.c", line 2590.33: 1506-193 (E) Function call argument cannot be assigned to corresponding parameter.
"/u0/build/dce/V1.2.2/dce/src/directory/cds/control/prs.c", line 2923.44: 1506-193 (E) Function call argument cannot be assigned to corresponding parameter.
"/u0/build/dce/V1.2.2/dce/src/directory/cds/control/prs.c", line 3021.56: 1506-193 (E) Function call argument cannot be assigned to corresponding parameter.
xlc          -L../cache -L/project/dce/build/dce/src/directory/cds/cache -L/project/dce/build/dce/export/rios/usr/lib -L/project/dce/build/dce/external/rios/usr/lib -o prs.X prs.o    
mv prs.X prs
rm -f /project/dce/build/dce/tools/rios/bin//prs
makepath /project/dce/build/dce/tools/rios/bin//prs
(cd .;tar cfh - prs) |  (cd /project/dce/build/dce/tools/rios/bin/;tar xf -)
[ /mit_krb5 ]
makepath mit_krb5/. && cd mit_krb5 &&  exec make MAKEFILE_PASS=SETUP  _SUBMAKE_=_IS_SUBMAKE_   setup_all
mit_krb5: created directory
